INFO:     Started server process [105541]
INFO:     Waiting for application startup.
INFO:     Application startup complete.
INFO:     Uvicorn running on http://0.0.0.0:8000 (Press CTRL+C to quit)
INFO:     Shutting down
INFO:     Waiting for application shutdown.
INFO:     Application shutdown complete.
INFO:     Finished server process [105541]
Connected to MongoDB at mongodb://localhost:27017
Disconnected from MongoDB
Exception ignored in atexit callback: <function _shutdown_resources at 0x7fef8d465bc0>
Traceback (most recent call last):
  File "/home/niu/anaconda3/lib/python3.12/site-packages/pymongo/synchronous/monitor.py", line 538, in _shutdown_resources
    shutdown()
  File "/home/niu/anaconda3/lib/python3.12/site-packages/pymongo/periodic_executor.py", line 294, in _shutdown_executors
    executor.join(1)
  File "/home/niu/anaconda3/lib/python3.12/site-packages/pymongo/periodic_executor.py", line 211, in join
    self._thread.join(timeout)
  File "/home/niu/anaconda3/lib/python3.12/threading.py", line 1153, in join
    self._wait_for_tstate_lock(timeout=max(timeout, 0))
  File "/home/niu/anaconda3/lib/python3.12/threading.py", line 1169, in _wait_for_tstate_lock
    if lock.acquire(block, timeout):
       ^^^^^^^^^^^^^^^^^^^^^^^^^^^^
KeyboardInterrupt: 
